#! /mingw64/bin/vvp
:ivl_version "12.0 (devel)" "(s20150603-1148-gef01dd1e)";
:ivl_delay_selection "TYPICAL";
:vpi_time_precision - 9;
:vpi_module "C:\msys64\mingw64\lib\ivl\system.vpi";
:vpi_module "C:\msys64\mingw64\lib\ivl\vhdl_sys.vpi";
:vpi_module "C:\msys64\mingw64\lib\ivl\vhdl_textio.vpi";
:vpi_module "C:\msys64\mingw64\lib\ivl\v2005_math.vpi";
:vpi_module "C:\msys64\mingw64\lib\ivl\va_math.vpi";
S_0000018ada7abba0 .scope module, "simplify1" "simplify1" 2 4;
 .timescale -9 -9;
v0000018ada6e5ea0_0 .net "M", 0 0, L_0000018ada6b3280;  1 drivers
v0000018ada6e5f40_0 .var "X", 0 0;
v0000018ada6e5fe0_0 .var "Y", 0 0;
v0000018ada6e6080_0 .var "Z", 0 0;
S_0000018ada7abd30 .scope module, "wew" "simplify" 2 11, 3 1 0, S_0000018ada7abba0;
 .timescale -9 -9;
    .port_info 0 /INPUT 1 "X";
    .port_info 1 /INPUT 1 "Y";
    .port_info 2 /INPUT 1 "Z";
    .port_info 3 /OUTPUT 1 "M";
L_0000018ada7a9a20 .functor NOT 1, v0000018ada6e5fe0_0, C4<0>, C4<0>, C4<0>;
L_0000018ada6b3080 .functor AND 1, v0000018ada6e5f40_0, L_0000018ada7a9a20, C4<1>, C4<1>;
L_0000018ada6b3280 .functor OR 1, L_0000018ada6b3080, v0000018ada6e6080_0, C4<0>, C4<0>;
v0000018ada6b2e40_0 .net "M", 0 0, L_0000018ada6b3280;  alias, 1 drivers
v0000018ada7abec0_0 .net "X", 0 0, v0000018ada6e5f40_0;  1 drivers
v0000018ada7ab8d0_0 .net "Y", 0 0, v0000018ada6e5fe0_0;  1 drivers
v0000018ada6e5cc0_0 .net "Z", 0 0, v0000018ada6e6080_0;  1 drivers
v0000018ada6e5d60_0 .net "w1", 0 0, L_0000018ada7a9a20;  1 drivers
v0000018ada6e5e00_0 .net "w2", 0 0, L_0000018ada6b3080;  1 drivers
    .scope S_0000018ada7abba0;
T_0 ;
    %vpi_call 2 14 "$dumpfile", "dump.vcd" {0 0 0};
    %vpi_call 2 15 "$dumpvars", 32'sb00000000000000000000000000000000, S_0000018ada7abba0 {0 0 0};
    %pushi/vec4 0, 0, 1;
    %store/vec4 v0000018ada6e5f40_0, 0, 1;
    %pushi/vec4 0, 0, 1;
    %store/vec4 v0000018ada6e5fe0_0, 0, 1;
    %pushi/vec4 0, 0, 1;
    %store/vec4 v0000018ada6e6080_0, 0, 1;
    %delay 20, 0;
    %pushi/vec4 0, 0, 1;
    %store/vec4 v0000018ada6e5f40_0, 0, 1;
    %pushi/vec4 0, 0, 1;
    %store/vec4 v0000018ada6e5fe0_0, 0, 1;
    %pushi/vec4 1, 0, 1;
    %store/vec4 v0000018ada6e6080_0, 0, 1;
    %delay 20, 0;
    %pushi/vec4 0, 0, 1;
    %store/vec4 v0000018ada6e5f40_0, 0, 1;
    %pushi/vec4 1, 0, 1;
    %store/vec4 v0000018ada6e5fe0_0, 0, 1;
    %pushi/vec4 1, 0, 1;
    %store/vec4 v0000018ada6e6080_0, 0, 1;
    %delay 20, 0;
    %pushi/vec4 1, 0, 1;
    %store/vec4 v0000018ada6e5f40_0, 0, 1;
    %pushi/vec4 1, 0, 1;
    %store/vec4 v0000018ada6e5fe0_0, 0, 1;
    %pushi/vec4 1, 0, 1;
    %store/vec4 v0000018ada6e6080_0, 0, 1;
    %delay 20, 0;
    %vpi_call 2 29 "$display", "test complete 4" {0 0 0};
    %end;
    .thread T_0;
# The file index is used to find the file name in the following table.
:file_names 4;
    "N/A";
    "<interactive>";
    "SIMPLIFY_CODE_TB.v";
    "./SIMPLIFY_CODE.v";
